


ARM Macro Assembler    Page 1 


    1 00000000                 PRESERVE8
    2 00000000                 THUMB
    3 00000000         
    4 00000000                 import           Son
    5 00000000         ; ====================== zone de réservation de données,
                         ======================================
    6 00000000         ;Section RAM (read only) :
    7 00000000                 area             mesdata,data,readonly
    8 00000000                 include          Driver/DriverJeuLaser.inc
    1 00000000         
    2 00000000         ; Bibliotheque DriverJeuLaser (ancienne gassp72 adaptée 
                       2021 - TR)
    3 00000000         ; Accès en aux fonctions suivantes :
    4 00000000         ; GPIO :
    5 00000000         ; GPIOA_Set(char Broche), GPIOB_Set(char Broche), GPIOC_
                       Set(char Broche)
    6 00000000         ; GPIOA_Clear(char Broche), GPIOB_Clear(char Broche), GP
                       IOC_Clear(char Broche)
    7 00000000         
    8 00000000         ; PWM :
    9 00000000         ;/**
   10 00000000         ; * @brief  Fixe une valeur de PWM, Val, en tick horloge
                       . La rapport cyclique effectif
   11 00000000         ; * est donc : rcy = Thaut_ticks / Periode_ticks
   12 00000000         ; * @note   spécifique Jeu Laser, PWM liée exclusivement
                        au TIM3, chan3
   13 00000000         ; * @param  Thaut_ticks : durée de l'état haut d'une imp
                       ulsion en Ticks
   14 00000000         ;  * @retval None
   15 00000000         ; */
   16 00000000         
   17 00000000         ;void PWM_Set_Value_TIM3_Ch3( unsigned short int Thaut_t
                       icks);
   18 00000000                 import           PWM_Set_Value_TIM3_Ch3
   19 00000000         
   20 00000000         
   21 00000000         
   22 00000000         ;/**
   23 00000000         ; * @brief  Mise à 1 d'une broche GPIO 
   24 00000000         ;  * @note   Une fonction par GPIO
   25 00000000         ; * @param  Broche : 0 à 15
   26 00000000         ; * @retval None
   27 00000000         ; */
   28 00000000         
   29 00000000         ;void GPIOA_Set(char Broche);
   30 00000000                 import           GPIOA_Set
   31 00000000         
   32 00000000         ;void GPIOB_Set(char Broche);
   33 00000000                 import           GPIOB_Set
   34 00000000         
   35 00000000         ;void GPIOC_Set(char Broche);
   36 00000000                 import           GPIOC_Set
   37 00000000         
   38 00000000         
   39 00000000         
   40 00000000         ;/**
   41 00000000         ; * @brief  Mise à 0 d'une broche GPIO 
   42 00000000         ;  * @note   Une fonction par GPIO
   43 00000000         ; * @param  Broche : 0 à 15



ARM Macro Assembler    Page 2 


   44 00000000         ; * @retval None
   45 00000000         ;  */
   46 00000000         
   47 00000000         ;void GPIOA_Clear(char Broche);
   48 00000000                 import           GPIOA_Clear
   49 00000000         
   50 00000000         ;void GPIOB_Clear(char Broche);
   51 00000000                 import           GPIOB_Clear
   52 00000000         
   53 00000000         ;void GPIOC_Clear(char Broche);
   54 00000000                 import           GPIOC_Clear
   55 00000000         
   56 00000000                 end
    9 00000000                 import           LongueurSon
   10 00000000         
   11 00000000         ;Section RAM (read write):
   12 00000000                 area             maram,data,readwrite
   13 00000000 00 00   SortieSon
                               dcw              0
   14 00000002 00 00 00000000 
                       Iterateur
                               dcd              0
   15 00000008                 export           CallbackSon
   16 00000008                 export           SortieSon
   17 00000008                 export           Iterateur
   18 00000008         ; ======================================================
                       =========================================
   19 00000008         
   20 00000008         
   21 00000008         
   22 00000008         
   23 00000008         ;Section ROM code (read only) :  
   24 00000008                 area             moncode,code,readonly
   25 00000000         ; écrire le code ici
   26 00000000         
   27 00000000         CallbackSon
                               proc
   28 00000000 E92D 4FF0       push             {lr,R4-R11}
   29 00000004 4813            ldr              R0,=Son
   30 00000006 4B14            ldr              R3,=Iterateur
   31 00000008 681B            ldr              R3,[R3]     ; R3 fait office de
                                                             Iterateur
   32 0000000A 4914            ldr              R1,=LongueurSon 
                                                            ;Longueur du son
   33 0000000C 6809            ldr              R1,[R1]
   34 0000000E 4299            cmp              R1,R3       ;on regarde si on a
                                                             atteint la longueu
                                                            r du son
   35 00000010 D012            beq              fin
   36 00000012 F930 0013       ldrsh            R0,[R0,R3,lsl#1]
   37 00000016 4A12            ldr              R2,=SortieSon
   38 00000018 F500 4000       add              R0,#32768
   39 0000001C F04F 015B       mov              R1,#91
   40 00000020 FB90 F0F1       sdiv             R0,R0,R1
   41 00000024 B401            push{r0}
   42 00000026 F7FF FFFE       bl               PWM_Set_Value_TIM3_Ch3
   43 0000002A BC01            pop{r0}
   44 0000002C 6010            str              R0,[R2]
   45 0000002E         



ARM Macro Assembler    Page 3 


   46 0000002E 4B0A            ldr              R3,=Iterateur
   47 00000030 6819            ldr              R1,[R3]
   48 00000032 F101 0102       add              R1,#2
   49 00000036 6019            str              R1,[R3]
   50 00000038         fin
   51 00000038 4B07            ldr              R3,=Iterateur
   52 0000003A 681B            ldr              R3,[R3]
   53 0000003C F642 3110       mov              R1,#0x2B10
   54 00000040 4299            cmp              R1,R3
   55 00000042 D103            bne              fin2
   56 00000044 F04F 0000       mov              R0,#0
   57 00000048 F7FF FFFE       bl               PWM_Set_Value_TIM3_Ch3
   58 0000004C         fin2
   59 0000004C E8BD 4FF0       pop              {lr,R4-R11}
   60 00000050 4770            bx               lr
   61 00000052                 endp
   62 00000052                 END
              00 00 00000000 
              00000000 
              00000000 
              00000000 
Command Line: --debug --xref --diag_suppress=9931 --cpu=Cortex-M3 --apcs=interw
ork --depend=.\obj\gestionson.d -o.\obj\gestionson.o -I.\RTE\_CibleSondeKEIL -I
C:\Programdata\Keil\Arm\Packs\ARM\CMSIS\5.7.0\CMSIS\Core\Include -IC:\Programda
ta\Keil\Arm\Packs\Keil\STM32F1xx_DFP\2.3.0\Device\Include --predefine="__EVAL S
ETA 1" --predefine="__MICROLIB SETA 1" --predefine="__UVISION_VERSION SETA 530"
 --predefine="_RTE_ SETA 1" --predefine="STM32F10X_MD SETA 1" --predefine="_RTE
_ SETA 1" --list=gestionson.lst Src\GestionSon.s



ARM Macro Assembler    Page 1 Alphabetic symbol ordering
Relocatable symbols

mesdata 00000000

Symbol: mesdata
   Definitions
      At line 7 in file Src\GestionSon.s
   Uses
      None
Comment: mesdata unused
1 symbol



ARM Macro Assembler    Page 1 Alphabetic symbol ordering
Relocatable symbols

Iterateur 00000004

Symbol: Iterateur
   Definitions
      At line 14 in file Src\GestionSon.s
   Uses
      At line 17 in file Src\GestionSon.s
      At line 30 in file Src\GestionSon.s
      At line 46 in file Src\GestionSon.s
      At line 51 in file Src\GestionSon.s

SortieSon 00000000

Symbol: SortieSon
   Definitions
      At line 13 in file Src\GestionSon.s
   Uses
      At line 16 in file Src\GestionSon.s
      At line 37 in file Src\GestionSon.s

maram 00000000

Symbol: maram
   Definitions
      At line 12 in file Src\GestionSon.s
   Uses
      None
Comment: maram unused
3 symbols



ARM Macro Assembler    Page 1 Alphabetic symbol ordering
Relocatable symbols

CallbackSon 00000000

Symbol: CallbackSon
   Definitions
      At line 27 in file Src\GestionSon.s
   Uses
      At line 15 in file Src\GestionSon.s
Comment: CallbackSon used once
fin 00000038

Symbol: fin
   Definitions
      At line 50 in file Src\GestionSon.s
   Uses
      At line 35 in file Src\GestionSon.s
Comment: fin used once
fin2 0000004C

Symbol: fin2
   Definitions
      At line 58 in file Src\GestionSon.s
   Uses
      At line 55 in file Src\GestionSon.s
Comment: fin2 used once
moncode 00000000

Symbol: moncode
   Definitions
      At line 24 in file Src\GestionSon.s
   Uses
      None
Comment: moncode unused
4 symbols



ARM Macro Assembler    Page 1 Alphabetic symbol ordering
External symbols

GPIOA_Clear 00000000

Symbol: GPIOA_Clear
   Definitions
      At line 48 in file Driver\DriverJeuLaser.inc
   Uses
      None
Comment: GPIOA_Clear unused
GPIOA_Set 00000000

Symbol: GPIOA_Set
   Definitions
      At line 30 in file Driver\DriverJeuLaser.inc
   Uses
      None
Comment: GPIOA_Set unused
GPIOB_Clear 00000000

Symbol: GPIOB_Clear
   Definitions
      At line 51 in file Driver\DriverJeuLaser.inc
   Uses
      None
Comment: GPIOB_Clear unused
GPIOB_Set 00000000

Symbol: GPIOB_Set
   Definitions
      At line 33 in file Driver\DriverJeuLaser.inc
   Uses
      None
Comment: GPIOB_Set unused
GPIOC_Clear 00000000

Symbol: GPIOC_Clear
   Definitions
      At line 54 in file Driver\DriverJeuLaser.inc
   Uses
      None
Comment: GPIOC_Clear unused
GPIOC_Set 00000000

Symbol: GPIOC_Set
   Definitions
      At line 36 in file Driver\DriverJeuLaser.inc
   Uses
      None
Comment: GPIOC_Set unused
LongueurSon 00000000

Symbol: LongueurSon
   Definitions
      At line 9 in file Src\GestionSon.s
   Uses
      At line 32 in file Src\GestionSon.s
Comment: LongueurSon used once
PWM_Set_Value_TIM3_Ch3 00000000

Symbol: PWM_Set_Value_TIM3_Ch3



ARM Macro Assembler    Page 2 Alphabetic symbol ordering
External symbols

   Definitions
      At line 18 in file Driver\DriverJeuLaser.inc
   Uses
      At line 42 in file Src\GestionSon.s
      At line 57 in file Src\GestionSon.s

Son 00000000

Symbol: Son
   Definitions
      At line 4 in file Src\GestionSon.s
   Uses
      At line 29 in file Src\GestionSon.s
Comment: Son used once
9 symbols
354 symbols in table
