


ARM Macro Assembler    Page 1 


    1 00000000                 PRESERVE8
    2 00000000                 THUMB
    3 00000000         
    4 00000000         
    5 00000000         
    6 00000000         ; ====================== zone de réservation de données,
                         ======================================
    7 00000000         ;Section RAM (read only) :
    8 00000000                 area             mesdata,data,readonly
    9 00000000                 import           LeSignal
   10 00000000         ;Section RAM (read write):
   11 00000000                 area             maram,data,readwrite
   12 00000000 00000000 
                       Iterateur
                               dcd              0
   13 00000004 00000000 
                       res     dcd              0
   14 00000008 00000000 
                       reel    dcd              0
   15 0000000C 00000000 
                       imaginaire
                               dcd              0
   16 00000010         
   17 00000010                 export           DFT_ModuleAuCarre
   18 00000010         ; ======================================================
                       =========================================
   19 00000010         
   20 00000010         
   21 00000010         
   22 00000010         
   23 00000010         ;Section ROM code (read only) :  
   24 00000010                 area             moncode,code,readonly
   25 00000000         ; écrire le code ici  
   26 00000000         
   27 00000000         DFT_ModuleAuCarre
                               proc                         ;R0 vaut l'adresse 
                                                            de notre signal, R1
                                                             la valeur de k 
   28 00000000 E92D 4FF0       push             {lr,R4-R11}
   29 00000004 4A16            ldr              R2,=TabCos
   30 00000006 F7FF FFFE       bl               CalculPartie ;Calcule partie ré
                                                            el de notre DFT
   31 0000000A 4605            mov              R5,R0       ;stockage de la par
                                                            tie réel dans R5
   32 0000000C         
   33 0000000C 4A15            ldr              R2,=TabSin  ; mise en place de 
                                                            l'argument sinTab
   34 0000000E F7FF FFFE       bl               CalculPartie
   35 00000012 4606            mov              r6,r0       ;stockage de la par
                                                            tie réel dans R6
   36 00000014         
   37 00000014 F04F 0000       mov              r0,#0       ;r0 = 0
   38 00000018 FBC5 3005       smlal            r3,r0,r5,r5 ;r0 = 0 + reel * re
                                                            el 
   39 0000001C FBC6 3006       smlal            r3,r0,r6,r6 ;r0 = reel*reel + i
                                                            maginaire * imagina
                                                            ire
   40 00000020 E8BD 4FF0       pop              {lr,R4-R11}
   41 00000024 4770            bx               lr



ARM Macro Assembler    Page 2 


   42 00000026                 endp                         ;
   43 00000026         
   44 00000026         CalculPartie
                               proc
   45 00000026 E92D 4FF0       push             {lr,R4-R11}
   46 0000002A F04F 0700       mov              R7,#0       ;Resultat de la som
                                                            me
   47 0000002E F04F 0300       mov              R3,#0       ;iterateur
   48 00000032 F04F 083F       mov              R8,#63      ;nombre d'iteration
                                                            s à faire
   49 00000036         ;R0 correspond à l'adresse du signal, R1 à la valeur de 
                       k, R2 à l'adresse de Tabsin/Tabcos, et R3 l'itérateur
   50 00000036         boucle
   51 00000036 F930 4013       ldrsh            R4,[R0,R3, lsl #1] 
                                                            ;Valeur du signal 
   52 0000003A FB03 F501       mul              R5, R3,R1   ; p = k * n
   53 0000003E F005 053F       and              R5, #63     ; p mod 64
   54 00000042 F932 6015       ldrsh            R6,[R2,R5,lsl #1] 
                                                            ;valeur du sin/cos
   55 00000046 F04F 0500       mov              R5,#0
   56 0000004A FBC4 4506       smlal            R4,R5,R4,R6 ;r4 = signal*cos
   57 0000004E 442F            add              R7,R5       ;Somme des operatio
                                                            ns
   58 00000050         
   59 00000050 F103 0301       add              R3,#1       ; iterateur += 1
   60 00000054 4598            cmp              R8,R3       ; on compare iterat
                                                            eur avec l'itermax 
                                                            
   61 00000056 D1EE            bne              boucle
   62 00000058 4638            mov              R0,R7       ; on met la valeur 
                                                            de retour en R0
   63 0000005A E8BD 4FF0       pop              {lr,R4-R11}
   64 0000005E         
   65 0000005E 4770            bx               lr
   66 00000060                 endp
   67 00000060         
   68 00000060         
   69 00000060         
   70 00000060         
   71 00000060         
   72 00000060         ;Section ROM code (read only) :  
   73 00000060 00000000 
              00000000         AREA             Trigo, DATA, READONLY
   74 00000000                 export           TabCos
   75 00000000                 export           TabSin
   76 00000000         ; codage fractionnaire 1.15
   77 00000000         
   78 00000000         
   79 00000000         TabCos
   80 00000000 FF 7F           DCW              32767       ;  0 0x7fff  0.9999
                                                            7
   81 00000002 62 7F           DCW              32610       ;  1 0x7f62  0.9951
                                                            8
   82 00000004 8A 7D           DCW              32138       ;  2 0x7d8a  0.9807
                                                            7
   83 00000006 7D 7A           DCW              31357       ;  3 0x7a7d  0.9569
                                                            4
   84 00000008 42 76           DCW              30274       ;  4 0x7642  0.9238
                                                            9



ARM Macro Assembler    Page 3 


   85 0000000A E3 70           DCW              28899       ;  5 0x70e3  0.8819
                                                            3
   86 0000000C 6E 6A           DCW              27246       ;  6 0x6a6e  0.8314
                                                            8
   87 0000000E F2 62           DCW              25330       ;  7 0x62f2  0.7730
                                                            1
   88 00000010 82 5A           DCW              23170       ;  8 0x5a82  0.7070
                                                            9
   89 00000012 34 51           DCW              20788       ;  9 0x5134  0.6344
                                                            0
   90 00000014 1D 47           DCW              18205       ; 10 0x471d  0.5555
                                                            7
   91 00000016 57 3C           DCW              15447       ; 11 0x3c57  0.4714
                                                            1
   92 00000018 FC 30           DCW              12540       ; 12 0x30fc  0.3826
                                                            9
   93 0000001A 28 25           DCW              9512        ; 13 0x2528  0.2902
                                                            8
   94 0000001C F9 18           DCW              6393        ; 14 0x18f9  0.1951
                                                            0
   95 0000001E 8C 0C           DCW              3212        ; 15 0x0c8c  0.0980
                                                            2
   96 00000020 00 00           DCW              0           ; 16 0x0000  0.0000
                                                            0
   97 00000022 74 F3           DCW              -3212       ; 17 0xf374 -0.0980
                                                            2
   98 00000024 07 E7           DCW              -6393       ; 18 0xe707 -0.1951
                                                            0
   99 00000026 D8 DA           DCW              -9512       ; 19 0xdad8 -0.2902
                                                            8
  100 00000028 04 CF           DCW              -12540      ; 20 0xcf04 -0.3826
                                                            9
  101 0000002A A9 C3           DCW              -15447      ; 21 0xc3a9 -0.4714
                                                            1
  102 0000002C E3 B8           DCW              -18205      ; 22 0xb8e3 -0.5555
                                                            7
  103 0000002E CC AE           DCW              -20788      ; 23 0xaecc -0.6344
                                                            0
  104 00000030 7E A5           DCW              -23170      ; 24 0xa57e -0.7070
                                                            9
  105 00000032 0E 9D           DCW              -25330      ; 25 0x9d0e -0.7730
                                                            1
  106 00000034 92 95           DCW              -27246      ; 26 0x9592 -0.8314
                                                            8
  107 00000036 1D 8F           DCW              -28899      ; 27 0x8f1d -0.8819
                                                            3
  108 00000038 BE 89           DCW              -30274      ; 28 0x89be -0.9238
                                                            9
  109 0000003A 83 85           DCW              -31357      ; 29 0x8583 -0.9569
                                                            4
  110 0000003C 76 82           DCW              -32138      ; 30 0x8276 -0.9807
                                                            7
  111 0000003E 9E 80           DCW              -32610      ; 31 0x809e -0.9951
                                                            8
  112 00000040 00 80           DCW              -32768      ; 32 0x8000 -1.0000
                                                            0
  113 00000042 9E 80           DCW              -32610      ; 33 0x809e -0.9951
                                                            8
  114 00000044 76 82           DCW              -32138      ; 34 0x8276 -0.9807



ARM Macro Assembler    Page 4 


                                                            7
  115 00000046 83 85           DCW              -31357      ; 35 0x8583 -0.9569
                                                            4
  116 00000048 BE 89           DCW              -30274      ; 36 0x89be -0.9238
                                                            9
  117 0000004A 1D 8F           DCW              -28899      ; 37 0x8f1d -0.8819
                                                            3
  118 0000004C 92 95           DCW              -27246      ; 38 0x9592 -0.8314
                                                            8
  119 0000004E 0E 9D           DCW              -25330      ; 39 0x9d0e -0.7730
                                                            1
  120 00000050 7E A5           DCW              -23170      ; 40 0xa57e -0.7070
                                                            9
  121 00000052 CC AE           DCW              -20788      ; 41 0xaecc -0.6344
                                                            0
  122 00000054 E3 B8           DCW              -18205      ; 42 0xb8e3 -0.5555
                                                            7
  123 00000056 A9 C3           DCW              -15447      ; 43 0xc3a9 -0.4714
                                                            1
  124 00000058 04 CF           DCW              -12540      ; 44 0xcf04 -0.3826
                                                            9
  125 0000005A D8 DA           DCW              -9512       ; 45 0xdad8 -0.2902
                                                            8
  126 0000005C 07 E7           DCW              -6393       ; 46 0xe707 -0.1951
                                                            0
  127 0000005E 74 F3           DCW              -3212       ; 47 0xf374 -0.0980
                                                            2
  128 00000060 00 00           DCW              0           ; 48 0x0000  0.0000
                                                            0
  129 00000062 8C 0C           DCW              3212        ; 49 0x0c8c  0.0980
                                                            2
  130 00000064 F9 18           DCW              6393        ; 50 0x18f9  0.1951
                                                            0
  131 00000066 28 25           DCW              9512        ; 51 0x2528  0.2902
                                                            8
  132 00000068 FC 30           DCW              12540       ; 52 0x30fc  0.3826
                                                            9
  133 0000006A 57 3C           DCW              15447       ; 53 0x3c57  0.4714
                                                            1
  134 0000006C 1D 47           DCW              18205       ; 54 0x471d  0.5555
                                                            7
  135 0000006E 34 51           DCW              20788       ; 55 0x5134  0.6344
                                                            0
  136 00000070 82 5A           DCW              23170       ; 56 0x5a82  0.7070
                                                            9
  137 00000072 F2 62           DCW              25330       ; 57 0x62f2  0.7730
                                                            1
  138 00000074 6E 6A           DCW              27246       ; 58 0x6a6e  0.8314
                                                            8
  139 00000076 E3 70           DCW              28899       ; 59 0x70e3  0.8819
                                                            3
  140 00000078 42 76           DCW              30274       ; 60 0x7642  0.9238
                                                            9
  141 0000007A 7D 7A           DCW              31357       ; 61 0x7a7d  0.9569
                                                            4
  142 0000007C 8A 7D           DCW              32138       ; 62 0x7d8a  0.9807
                                                            7
  143 0000007E 62 7F           DCW              32610       ; 63 0x7f62  0.9951
                                                            8



ARM Macro Assembler    Page 5 


  144 00000080         TabSin
  145 00000080 00 00           DCW              0           ;  0 0x0000  0.0000
                                                            0
  146 00000082 8C 0C           DCW              3212        ;  1 0x0c8c  0.0980
                                                            2
  147 00000084 F9 18           DCW              6393        ;  2 0x18f9  0.1951
                                                            0
  148 00000086 28 25           DCW              9512        ;  3 0x2528  0.2902
                                                            8
  149 00000088 FC 30           DCW              12540       ;  4 0x30fc  0.3826
                                                            9
  150 0000008A 57 3C           DCW              15447       ;  5 0x3c57  0.4714
                                                            1
  151 0000008C 1D 47           DCW              18205       ;  6 0x471d  0.5555
                                                            7
  152 0000008E 34 51           DCW              20788       ;  7 0x5134  0.6344
                                                            0
  153 00000090 82 5A           DCW              23170       ;  8 0x5a82  0.7070
                                                            9
  154 00000092 F2 62           DCW              25330       ;  9 0x62f2  0.7730
                                                            1
  155 00000094 6E 6A           DCW              27246       ; 10 0x6a6e  0.8314
                                                            8
  156 00000096 E3 70           DCW              28899       ; 11 0x70e3  0.8819
                                                            3
  157 00000098 42 76           DCW              30274       ; 12 0x7642  0.9238
                                                            9
  158 0000009A 7D 7A           DCW              31357       ; 13 0x7a7d  0.9569
                                                            4
  159 0000009C 8A 7D           DCW              32138       ; 14 0x7d8a  0.9807
                                                            7
  160 0000009E 62 7F           DCW              32610       ; 15 0x7f62  0.9951
                                                            8
  161 000000A0 FF 7F           DCW              32767       ; 16 0x7fff  0.9999
                                                            7
  162 000000A2 62 7F           DCW              32610       ; 17 0x7f62  0.9951
                                                            8
  163 000000A4 8A 7D           DCW              32138       ; 18 0x7d8a  0.9807
                                                            7
  164 000000A6 7D 7A           DCW              31357       ; 19 0x7a7d  0.9569
                                                            4
  165 000000A8 42 76           DCW              30274       ; 20 0x7642  0.9238
                                                            9
  166 000000AA E3 70           DCW              28899       ; 21 0x70e3  0.8819
                                                            3
  167 000000AC 6E 6A           DCW              27246       ; 22 0x6a6e  0.8314
                                                            8
  168 000000AE F2 62           DCW              25330       ; 23 0x62f2  0.7730
                                                            1
  169 000000B0 82 5A           DCW              23170       ; 24 0x5a82  0.7070
                                                            9
  170 000000B2 34 51           DCW              20788       ; 25 0x5134  0.6344
                                                            0
  171 000000B4 1D 47           DCW              18205       ; 26 0x471d  0.5555
                                                            7
  172 000000B6 57 3C           DCW              15447       ; 27 0x3c57  0.4714
                                                            1
  173 000000B8 FC 30           DCW              12540       ; 28 0x30fc  0.3826
                                                            9



ARM Macro Assembler    Page 6 


  174 000000BA 28 25           DCW              9512        ; 29 0x2528  0.2902
                                                            8
  175 000000BC F9 18           DCW              6393        ; 30 0x18f9  0.1951
                                                            0
  176 000000BE 8C 0C           DCW              3212        ; 31 0x0c8c  0.0980
                                                            2
  177 000000C0 00 00           DCW              0           ; 32 0x0000  0.0000
                                                            0
  178 000000C2 74 F3           DCW              -3212       ; 33 0xf374 -0.0980
                                                            2
  179 000000C4 07 E7           DCW              -6393       ; 34 0xe707 -0.1951
                                                            0
  180 000000C6 D8 DA           DCW              -9512       ; 35 0xdad8 -0.2902
                                                            8
  181 000000C8 04 CF           DCW              -12540      ; 36 0xcf04 -0.3826
                                                            9
  182 000000CA A9 C3           DCW              -15447      ; 37 0xc3a9 -0.4714
                                                            1
  183 000000CC E3 B8           DCW              -18205      ; 38 0xb8e3 -0.5555
                                                            7
  184 000000CE CC AE           DCW              -20788      ; 39 0xaecc -0.6344
                                                            0
  185 000000D0 7E A5           DCW              -23170      ; 40 0xa57e -0.7070
                                                            9
  186 000000D2 0E 9D           DCW              -25330      ; 41 0x9d0e -0.7730
                                                            1
  187 000000D4 92 95           DCW              -27246      ; 42 0x9592 -0.8314
                                                            8
  188 000000D6 1D 8F           DCW              -28899      ; 43 0x8f1d -0.8819
                                                            3
  189 000000D8 BE 89           DCW              -30274      ; 44 0x89be -0.9238
                                                            9
  190 000000DA 83 85           DCW              -31357      ; 45 0x8583 -0.9569
                                                            4
  191 000000DC 76 82           DCW              -32138      ; 46 0x8276 -0.9807
                                                            7
  192 000000DE 9E 80           DCW              -32610      ; 47 0x809e -0.9951
                                                            8
  193 000000E0 00 80           DCW              -32768      ; 48 0x8000 -1.0000
                                                            0
  194 000000E2 9E 80           DCW              -32610      ; 49 0x809e -0.9951
                                                            8
  195 000000E4 76 82           DCW              -32138      ; 50 0x8276 -0.9807
                                                            7
  196 000000E6 83 85           DCW              -31357      ; 51 0x8583 -0.9569
                                                            4
  197 000000E8 BE 89           DCW              -30274      ; 52 0x89be -0.9238
                                                            9
  198 000000EA 1D 8F           DCW              -28899      ; 53 0x8f1d -0.8819
                                                            3
  199 000000EC 92 95           DCW              -27246      ; 54 0x9592 -0.8314
                                                            8
  200 000000EE 0E 9D           DCW              -25330      ; 55 0x9d0e -0.7730
                                                            1
  201 000000F0 7E A5           DCW              -23170      ; 56 0xa57e -0.7070
                                                            9
  202 000000F2 CC AE           DCW              -20788      ; 57 0xaecc -0.6344
                                                            0
  203 000000F4 E3 B8           DCW              -18205      ; 58 0xb8e3 -0.5555



ARM Macro Assembler    Page 7 


                                                            7
  204 000000F6 A9 C3           DCW              -15447      ; 59 0xc3a9 -0.4714
                                                            1
  205 000000F8 04 CF           DCW              -12540      ; 60 0xcf04 -0.3826
                                                            9
  206 000000FA D8 DA           DCW              -9512       ; 61 0xdad8 -0.2902
                                                            8
  207 000000FC 07 E7           DCW              -6393       ; 62 0xe707 -0.1951
                                                            0
  208 000000FE 74 F3           DCW              -3212       ; 63 0xf374 -0.0980
                                                            2
  209 00000100         
  210 00000100         
  211 00000100         
  212 00000100         
  213 00000100         
  214 00000100                 END
Command Line: --debug --xref --diag_suppress=9931 --cpu=Cortex-M3 --apcs=interw
ork --depend=.\obj\dft.d -o.\obj\dft.o -I.\RTE\_Simu -IC:\Programdata\Keil\Arm\
Packs\ARM\CMSIS\5.7.0\CMSIS\Core\Include -IC:\Programdata\Keil\Arm\Packs\Keil\S
TM32F1xx_DFP\2.3.0\Device\Include --predefine="__EVAL SETA 1" --predefine="__MI
CROLIB SETA 1" --predefine="__UVISION_VERSION SETA 530" --predefine="_RTE_ SETA
 1" --predefine="STM32F10X_MD SETA 1" --predefine="_RTE_ SETA 1" --list=dft.lst
 Src\DFT.s



ARM Macro Assembler    Page 1 Alphabetic symbol ordering
Relocatable symbols

mesdata 00000000

Symbol: mesdata
   Definitions
      At line 8 in file Src\DFT.s
   Uses
      None
Comment: mesdata unused
1 symbol



ARM Macro Assembler    Page 1 Alphabetic symbol ordering
Relocatable symbols

Iterateur 00000000

Symbol: Iterateur
   Definitions
      At line 12 in file Src\DFT.s
   Uses
      None
Comment: Iterateur unused
imaginaire 0000000C

Symbol: imaginaire
   Definitions
      At line 15 in file Src\DFT.s
   Uses
      None
Comment: imaginaire unused
maram 00000000

Symbol: maram
   Definitions
      At line 11 in file Src\DFT.s
   Uses
      None
Comment: maram unused
reel 00000008

Symbol: reel
   Definitions
      At line 14 in file Src\DFT.s
   Uses
      None
Comment: reel unused
res 00000004

Symbol: res
   Definitions
      At line 13 in file Src\DFT.s
   Uses
      None
Comment: res unused
5 symbols



ARM Macro Assembler    Page 1 Alphabetic symbol ordering
Relocatable symbols

CalculPartie 00000026

Symbol: CalculPartie
   Definitions
      At line 44 in file Src\DFT.s
   Uses
      At line 30 in file Src\DFT.s
      At line 34 in file Src\DFT.s

DFT_ModuleAuCarre 00000000

Symbol: DFT_ModuleAuCarre
   Definitions
      At line 27 in file Src\DFT.s
   Uses
      At line 17 in file Src\DFT.s
Comment: DFT_ModuleAuCarre used once
boucle 00000036

Symbol: boucle
   Definitions
      At line 50 in file Src\DFT.s
   Uses
      At line 61 in file Src\DFT.s
Comment: boucle used once
moncode 00000000

Symbol: moncode
   Definitions
      At line 24 in file Src\DFT.s
   Uses
      None
Comment: moncode unused
4 symbols



ARM Macro Assembler    Page 1 Alphabetic symbol ordering
Relocatable symbols

TabCos 00000000

Symbol: TabCos
   Definitions
      At line 79 in file Src\DFT.s
   Uses
      At line 29 in file Src\DFT.s
      At line 74 in file Src\DFT.s

TabSin 00000080

Symbol: TabSin
   Definitions
      At line 144 in file Src\DFT.s
   Uses
      At line 33 in file Src\DFT.s
      At line 75 in file Src\DFT.s

Trigo 00000000

Symbol: Trigo
   Definitions
      At line 73 in file Src\DFT.s
   Uses
      None
Comment: Trigo unused
3 symbols



ARM Macro Assembler    Page 1 Alphabetic symbol ordering
External symbols

LeSignal 00000000

Symbol: LeSignal
   Definitions
      At line 9 in file Src\DFT.s
   Uses
      None
Comment: LeSignal unused
1 symbol
351 symbols in table
