


ARM Macro Assembler    Page 1 


    1 00000000                 PRESERVE8
    2 00000000                 THUMB
    3 00000000         
    4 00000000         
    5 00000000         
    6 00000000         ; ====================== zone de réservation de données,
                         ======================================
    7 00000000         ;Section RAM (read only) :
    8 00000000                 area             mesdata,data,readonly
    9 00000000                 import           LeSignal
   10 00000000         ;Section RAM (read write):
   11 00000000                 area             maram,data,readwrite
   12 00000000 00000000 
                       Iterateur
                               dcd              0
   13 00000004 00000000 
                       res     dcd              0
   14 00000008 00000000 
                       reel    dcd              0
   15 0000000C 00000000 
                       imaginaire
                               dcd              0
   16 00000010         
   17 00000010                 export           DFT_ModuleAuCarre
   18 00000010         ; ======================================================
                       =========================================
   19 00000010         
   20 00000010         
   21 00000010         
   22 00000010         
   23 00000010         ;Section ROM code (read only) :  
   24 00000010                 area             moncode,code,readonly
   25 00000000         ; écrire le code ici  
   26 00000000         
   27 00000000         DFT_ModuleAuCarre
                               proc                         ;R0 vaut l'adresse 
                                                            de notre signal, R1
                                                             la valeur de k 
   28 00000000 E92D 4FF0       push             {lr,R4-R11}
   29 00000004 4A1F            ldr              R2,=TabCos
   30 00000006 B407            push{R0-R2}
   31 00000008 F7FF FFFE       bl               CalculPartie ;Calcule partie ré
                                                            el de notre DFT
   32 0000000C 491E            ldr              R1,=reel
   33 0000000E 680A            ldr              R2,[R1]
   34 00000010 4402            add              R2,R0
   35 00000012 600A            str              R2,[R1]     ;stockage de la par
                                                            tie réel
   36 00000014 F04F 0200       mov              R2,#0
   37 00000018 491C            ldr              R1,=res     ;reinitialisation d
                                                            e res
   38 0000001A 600A            str              R2,[R1]
   39 0000001C BC07            pop{R0-R2}
   40 0000001E         
   41 0000001E 4A1C            ldr              R2,=TabSin
   42 00000020 B407            push{R0-R2}
   43 00000022 F7FF FFFE       bl               CalculPartie
   44 00000026 491B            ldr              R1,=imaginaire
   45 00000028 680A            ldr              R2,[R1]



ARM Macro Assembler    Page 2 


   46 0000002A 4402            add              R2,R0
   47 0000002C 600A            str              R2,[R1]
   48 0000002E         
   49 0000002E 4816            ldr              R0,=reel
   50 00000030 4918            ldr              R1,=imaginaire
   51 00000032 6800            ldr              R0,[R0]
   52 00000034 6809            ldr              R1,[R1]
   53 00000036 FB00 F000       mul              R0,R0
   54 0000003A FB01 F101       mul              R1,R1
   55 0000003E 4408            add              R0,R1
   56 00000040 E8BD 4FF0       pop              {lr,R4-R11}
   57 00000044 4770            bx               lr
   58 00000046                 endp                         ;
   59 00000046         
   60 00000046         CalculPartie
                               proc
   61 00000046         
   62 00000046 F04F 0300       mov              R3,#0
   63 0000004A         ;R0 correspond à l'adresse du signal, R1 à la valeur de 
                       k, R2 à l'adresse de Tabsin/Tabcos, et R3 l'itérateur
   64 0000004A B50F    boucle  push             {lr,R0-R3}
   65 0000004C F930 0013       ldrsh            R0,[R0,R3, lsl #1] 
                                                            ;Valeur du signal 
   66 00000050 FB03 F301       mul              R3, R1      ; p = k * n
   67 00000054 F003 033F       AND              R3, #63
   68 00000058 F932 2013       ldrsh            R2,[R2,R3,lsl #1] 
                                                            ;valeur du sin/cos
   69 0000005C FB00 F002       mul              R0,R2
   70 00000060 4B0A            ldr              R3,=res
   71 00000062 681A            ldr              R2,[R3]
   72 00000064 4402            add              R2,R0
   73 00000066 601A            str              R2,[R3]
   74 00000068 E8BD 400F       pop              {lr,R0-R3}
   75 0000006C         
   76 0000006C F103 0301       add              R3,#1
   77 00000070 B410            push             {R4}
   78 00000072 F04F 043F       mov              R4,#63
   79 00000076 429C            cmp              R4,R3
   80 00000078 BC10            pop              {R4}
   81 0000007A D1E6            bne              boucle
   82 0000007C 4803            ldr              R0,=res
   83 0000007E 6800            ldr              R0,[R0]
   84 00000080 4770            bx               lr
   85 00000082                 endp
   86 00000082         
   87 00000082         
   88 00000082         
   89 00000082         
   90 00000082         
   91 00000082         ;Section ROM code (read only) :  
   92 00000082 00 00 00000000 
              00000000 
              00000000 
              00000000 
              00000000         AREA             Trigo, DATA, READONLY
   93 00000000                 export           TabCos
   94 00000000                 export           TabSin
   95 00000000         ; codage fractionnaire 1.15
   96 00000000         



ARM Macro Assembler    Page 3 


   97 00000000         
   98 00000000         TabCos
   99 00000000 FF 7F           DCW              32767       ;  0 0x7fff  0.9999
                                                            7
  100 00000002 62 7F           DCW              32610       ;  1 0x7f62  0.9951
                                                            8
  101 00000004 8A 7D           DCW              32138       ;  2 0x7d8a  0.9807
                                                            7
  102 00000006 7D 7A           DCW              31357       ;  3 0x7a7d  0.9569
                                                            4
  103 00000008 42 76           DCW              30274       ;  4 0x7642  0.9238
                                                            9
  104 0000000A E3 70           DCW              28899       ;  5 0x70e3  0.8819
                                                            3
  105 0000000C 6E 6A           DCW              27246       ;  6 0x6a6e  0.8314
                                                            8
  106 0000000E F2 62           DCW              25330       ;  7 0x62f2  0.7730
                                                            1
  107 00000010 82 5A           DCW              23170       ;  8 0x5a82  0.7070
                                                            9
  108 00000012 34 51           DCW              20788       ;  9 0x5134  0.6344
                                                            0
  109 00000014 1D 47           DCW              18205       ; 10 0x471d  0.5555
                                                            7
  110 00000016 57 3C           DCW              15447       ; 11 0x3c57  0.4714
                                                            1
  111 00000018 FC 30           DCW              12540       ; 12 0x30fc  0.3826
                                                            9
  112 0000001A 28 25           DCW              9512        ; 13 0x2528  0.2902
                                                            8
  113 0000001C F9 18           DCW              6393        ; 14 0x18f9  0.1951
                                                            0
  114 0000001E 8C 0C           DCW              3212        ; 15 0x0c8c  0.0980
                                                            2
  115 00000020 00 00           DCW              0           ; 16 0x0000  0.0000
                                                            0
  116 00000022 74 F3           DCW              -3212       ; 17 0xf374 -0.0980
                                                            2
  117 00000024 07 E7           DCW              -6393       ; 18 0xe707 -0.1951
                                                            0
  118 00000026 D8 DA           DCW              -9512       ; 19 0xdad8 -0.2902
                                                            8
  119 00000028 04 CF           DCW              -12540      ; 20 0xcf04 -0.3826
                                                            9
  120 0000002A A9 C3           DCW              -15447      ; 21 0xc3a9 -0.4714
                                                            1
  121 0000002C E3 B8           DCW              -18205      ; 22 0xb8e3 -0.5555
                                                            7
  122 0000002E CC AE           DCW              -20788      ; 23 0xaecc -0.6344
                                                            0
  123 00000030 7E A5           DCW              -23170      ; 24 0xa57e -0.7070
                                                            9
  124 00000032 0E 9D           DCW              -25330      ; 25 0x9d0e -0.7730
                                                            1
  125 00000034 92 95           DCW              -27246      ; 26 0x9592 -0.8314
                                                            8
  126 00000036 1D 8F           DCW              -28899      ; 27 0x8f1d -0.8819
                                                            3
  127 00000038 BE 89           DCW              -30274      ; 28 0x89be -0.9238



ARM Macro Assembler    Page 4 


                                                            9
  128 0000003A 83 85           DCW              -31357      ; 29 0x8583 -0.9569
                                                            4
  129 0000003C 76 82           DCW              -32138      ; 30 0x8276 -0.9807
                                                            7
  130 0000003E 9E 80           DCW              -32610      ; 31 0x809e -0.9951
                                                            8
  131 00000040 00 80           DCW              -32768      ; 32 0x8000 -1.0000
                                                            0
  132 00000042 9E 80           DCW              -32610      ; 33 0x809e -0.9951
                                                            8
  133 00000044 76 82           DCW              -32138      ; 34 0x8276 -0.9807
                                                            7
  134 00000046 83 85           DCW              -31357      ; 35 0x8583 -0.9569
                                                            4
  135 00000048 BE 89           DCW              -30274      ; 36 0x89be -0.9238
                                                            9
  136 0000004A 1D 8F           DCW              -28899      ; 37 0x8f1d -0.8819
                                                            3
  137 0000004C 92 95           DCW              -27246      ; 38 0x9592 -0.8314
                                                            8
  138 0000004E 0E 9D           DCW              -25330      ; 39 0x9d0e -0.7730
                                                            1
  139 00000050 7E A5           DCW              -23170      ; 40 0xa57e -0.7070
                                                            9
  140 00000052 CC AE           DCW              -20788      ; 41 0xaecc -0.6344
                                                            0
  141 00000054 E3 B8           DCW              -18205      ; 42 0xb8e3 -0.5555
                                                            7
  142 00000056 A9 C3           DCW              -15447      ; 43 0xc3a9 -0.4714
                                                            1
  143 00000058 04 CF           DCW              -12540      ; 44 0xcf04 -0.3826
                                                            9
  144 0000005A D8 DA           DCW              -9512       ; 45 0xdad8 -0.2902
                                                            8
  145 0000005C 07 E7           DCW              -6393       ; 46 0xe707 -0.1951
                                                            0
  146 0000005E 74 F3           DCW              -3212       ; 47 0xf374 -0.0980
                                                            2
  147 00000060 00 00           DCW              0           ; 48 0x0000  0.0000
                                                            0
  148 00000062 8C 0C           DCW              3212        ; 49 0x0c8c  0.0980
                                                            2
  149 00000064 F9 18           DCW              6393        ; 50 0x18f9  0.1951
                                                            0
  150 00000066 28 25           DCW              9512        ; 51 0x2528  0.2902
                                                            8
  151 00000068 FC 30           DCW              12540       ; 52 0x30fc  0.3826
                                                            9
  152 0000006A 57 3C           DCW              15447       ; 53 0x3c57  0.4714
                                                            1
  153 0000006C 1D 47           DCW              18205       ; 54 0x471d  0.5555
                                                            7
  154 0000006E 34 51           DCW              20788       ; 55 0x5134  0.6344
                                                            0
  155 00000070 82 5A           DCW              23170       ; 56 0x5a82  0.7070
                                                            9
  156 00000072 F2 62           DCW              25330       ; 57 0x62f2  0.7730
                                                            1



ARM Macro Assembler    Page 5 


  157 00000074 6E 6A           DCW              27246       ; 58 0x6a6e  0.8314
                                                            8
  158 00000076 E3 70           DCW              28899       ; 59 0x70e3  0.8819
                                                            3
  159 00000078 42 76           DCW              30274       ; 60 0x7642  0.9238
                                                            9
  160 0000007A 7D 7A           DCW              31357       ; 61 0x7a7d  0.9569
                                                            4
  161 0000007C 8A 7D           DCW              32138       ; 62 0x7d8a  0.9807
                                                            7
  162 0000007E 62 7F           DCW              32610       ; 63 0x7f62  0.9951
                                                            8
  163 00000080         TabSin
  164 00000080 00 00           DCW              0           ;  0 0x0000  0.0000
                                                            0
  165 00000082 8C 0C           DCW              3212        ;  1 0x0c8c  0.0980
                                                            2
  166 00000084 F9 18           DCW              6393        ;  2 0x18f9  0.1951
                                                            0
  167 00000086 28 25           DCW              9512        ;  3 0x2528  0.2902
                                                            8
  168 00000088 FC 30           DCW              12540       ;  4 0x30fc  0.3826
                                                            9
  169 0000008A 57 3C           DCW              15447       ;  5 0x3c57  0.4714
                                                            1
  170 0000008C 1D 47           DCW              18205       ;  6 0x471d  0.5555
                                                            7
  171 0000008E 34 51           DCW              20788       ;  7 0x5134  0.6344
                                                            0
  172 00000090 82 5A           DCW              23170       ;  8 0x5a82  0.7070
                                                            9
  173 00000092 F2 62           DCW              25330       ;  9 0x62f2  0.7730
                                                            1
  174 00000094 6E 6A           DCW              27246       ; 10 0x6a6e  0.8314
                                                            8
  175 00000096 E3 70           DCW              28899       ; 11 0x70e3  0.8819
                                                            3
  176 00000098 42 76           DCW              30274       ; 12 0x7642  0.9238
                                                            9
  177 0000009A 7D 7A           DCW              31357       ; 13 0x7a7d  0.9569
                                                            4
  178 0000009C 8A 7D           DCW              32138       ; 14 0x7d8a  0.9807
                                                            7
  179 0000009E 62 7F           DCW              32610       ; 15 0x7f62  0.9951
                                                            8
  180 000000A0 FF 7F           DCW              32767       ; 16 0x7fff  0.9999
                                                            7
  181 000000A2 62 7F           DCW              32610       ; 17 0x7f62  0.9951
                                                            8
  182 000000A4 8A 7D           DCW              32138       ; 18 0x7d8a  0.9807
                                                            7
  183 000000A6 7D 7A           DCW              31357       ; 19 0x7a7d  0.9569
                                                            4
  184 000000A8 42 76           DCW              30274       ; 20 0x7642  0.9238
                                                            9
  185 000000AA E3 70           DCW              28899       ; 21 0x70e3  0.8819
                                                            3
  186 000000AC 6E 6A           DCW              27246       ; 22 0x6a6e  0.8314
                                                            8



ARM Macro Assembler    Page 6 


  187 000000AE F2 62           DCW              25330       ; 23 0x62f2  0.7730
                                                            1
  188 000000B0 82 5A           DCW              23170       ; 24 0x5a82  0.7070
                                                            9
  189 000000B2 34 51           DCW              20788       ; 25 0x5134  0.6344
                                                            0
  190 000000B4 1D 47           DCW              18205       ; 26 0x471d  0.5555
                                                            7
  191 000000B6 57 3C           DCW              15447       ; 27 0x3c57  0.4714
                                                            1
  192 000000B8 FC 30           DCW              12540       ; 28 0x30fc  0.3826
                                                            9
  193 000000BA 28 25           DCW              9512        ; 29 0x2528  0.2902
                                                            8
  194 000000BC F9 18           DCW              6393        ; 30 0x18f9  0.1951
                                                            0
  195 000000BE 8C 0C           DCW              3212        ; 31 0x0c8c  0.0980
                                                            2
  196 000000C0 00 00           DCW              0           ; 32 0x0000  0.0000
                                                            0
  197 000000C2 74 F3           DCW              -3212       ; 33 0xf374 -0.0980
                                                            2
  198 000000C4 07 E7           DCW              -6393       ; 34 0xe707 -0.1951
                                                            0
  199 000000C6 D8 DA           DCW              -9512       ; 35 0xdad8 -0.2902
                                                            8
  200 000000C8 04 CF           DCW              -12540      ; 36 0xcf04 -0.3826
                                                            9
  201 000000CA A9 C3           DCW              -15447      ; 37 0xc3a9 -0.4714
                                                            1
  202 000000CC E3 B8           DCW              -18205      ; 38 0xb8e3 -0.5555
                                                            7
  203 000000CE CC AE           DCW              -20788      ; 39 0xaecc -0.6344
                                                            0
  204 000000D0 7E A5           DCW              -23170      ; 40 0xa57e -0.7070
                                                            9
  205 000000D2 0E 9D           DCW              -25330      ; 41 0x9d0e -0.7730
                                                            1
  206 000000D4 92 95           DCW              -27246      ; 42 0x9592 -0.8314
                                                            8
  207 000000D6 1D 8F           DCW              -28899      ; 43 0x8f1d -0.8819
                                                            3
  208 000000D8 BE 89           DCW              -30274      ; 44 0x89be -0.9238
                                                            9
  209 000000DA 83 85           DCW              -31357      ; 45 0x8583 -0.9569
                                                            4
  210 000000DC 76 82           DCW              -32138      ; 46 0x8276 -0.9807
                                                            7
  211 000000DE 9E 80           DCW              -32610      ; 47 0x809e -0.9951
                                                            8
  212 000000E0 00 80           DCW              -32768      ; 48 0x8000 -1.0000
                                                            0
  213 000000E2 9E 80           DCW              -32610      ; 49 0x809e -0.9951
                                                            8
  214 000000E4 76 82           DCW              -32138      ; 50 0x8276 -0.9807
                                                            7
  215 000000E6 83 85           DCW              -31357      ; 51 0x8583 -0.9569
                                                            4
  216 000000E8 BE 89           DCW              -30274      ; 52 0x89be -0.9238



ARM Macro Assembler    Page 7 


                                                            9
  217 000000EA 1D 8F           DCW              -28899      ; 53 0x8f1d -0.8819
                                                            3
  218 000000EC 92 95           DCW              -27246      ; 54 0x9592 -0.8314
                                                            8
  219 000000EE 0E 9D           DCW              -25330      ; 55 0x9d0e -0.7730
                                                            1
  220 000000F0 7E A5           DCW              -23170      ; 56 0xa57e -0.7070
                                                            9
  221 000000F2 CC AE           DCW              -20788      ; 57 0xaecc -0.6344
                                                            0
  222 000000F4 E3 B8           DCW              -18205      ; 58 0xb8e3 -0.5555
                                                            7
  223 000000F6 A9 C3           DCW              -15447      ; 59 0xc3a9 -0.4714
                                                            1
  224 000000F8 04 CF           DCW              -12540      ; 60 0xcf04 -0.3826
                                                            9
  225 000000FA D8 DA           DCW              -9512       ; 61 0xdad8 -0.2902
                                                            8
  226 000000FC 07 E7           DCW              -6393       ; 62 0xe707 -0.1951
                                                            0
  227 000000FE 74 F3           DCW              -3212       ; 63 0xf374 -0.0980
                                                            2
  228 00000100         
  229 00000100         
  230 00000100         
  231 00000100         
  232 00000100         
  233 00000100                 END
Command Line: --debug --xref --diag_suppress=9931 --cpu=Cortex-M3 --apcs=interw
ork --depend=.\obj\dft.d -o.\obj\dft.o -I.\RTE\_Simu -IC:\Programdata\Keil\Arm\
Packs\ARM\CMSIS\5.7.0\CMSIS\Core\Include -IC:\Programdata\Keil\Arm\Packs\Keil\S
TM32F1xx_DFP\2.3.0\Device\Include --predefine="__EVAL SETA 1" --predefine="__MI
CROLIB SETA 1" --predefine="__UVISION_VERSION SETA 530" --predefine="_RTE_ SETA
 1" --predefine="STM32F10X_MD SETA 1" --predefine="_RTE_ SETA 1" --list=dft.lst
 Src\DFT.s



ARM Macro Assembler    Page 1 Alphabetic symbol ordering
Relocatable symbols

mesdata 00000000

Symbol: mesdata
   Definitions
      At line 8 in file Src\DFT.s
   Uses
      None
Comment: mesdata unused
1 symbol



ARM Macro Assembler    Page 1 Alphabetic symbol ordering
Relocatable symbols

Iterateur 00000000

Symbol: Iterateur
   Definitions
      At line 12 in file Src\DFT.s
   Uses
      None
Comment: Iterateur unused
imaginaire 0000000C

Symbol: imaginaire
   Definitions
      At line 15 in file Src\DFT.s
   Uses
      At line 44 in file Src\DFT.s
      At line 50 in file Src\DFT.s

maram 00000000

Symbol: maram
   Definitions
      At line 11 in file Src\DFT.s
   Uses
      None
Comment: maram unused
reel 00000008

Symbol: reel
   Definitions
      At line 14 in file Src\DFT.s
   Uses
      At line 32 in file Src\DFT.s
      At line 49 in file Src\DFT.s

res 00000004

Symbol: res
   Definitions
      At line 13 in file Src\DFT.s
   Uses
      At line 37 in file Src\DFT.s
      At line 70 in file Src\DFT.s
      At line 82 in file Src\DFT.s

5 symbols



ARM Macro Assembler    Page 1 Alphabetic symbol ordering
Relocatable symbols

CalculPartie 00000046

Symbol: CalculPartie
   Definitions
      At line 60 in file Src\DFT.s
   Uses
      At line 31 in file Src\DFT.s
      At line 43 in file Src\DFT.s

DFT_ModuleAuCarre 00000000

Symbol: DFT_ModuleAuCarre
   Definitions
      At line 27 in file Src\DFT.s
   Uses
      At line 17 in file Src\DFT.s
Comment: DFT_ModuleAuCarre used once
boucle 0000004A

Symbol: boucle
   Definitions
      At line 64 in file Src\DFT.s
   Uses
      At line 81 in file Src\DFT.s
Comment: boucle used once
moncode 00000000

Symbol: moncode
   Definitions
      At line 24 in file Src\DFT.s
   Uses
      None
Comment: moncode unused
4 symbols



ARM Macro Assembler    Page 1 Alphabetic symbol ordering
Relocatable symbols

TabCos 00000000

Symbol: TabCos
   Definitions
      At line 98 in file Src\DFT.s
   Uses
      At line 29 in file Src\DFT.s
      At line 93 in file Src\DFT.s

TabSin 00000080

Symbol: TabSin
   Definitions
      At line 163 in file Src\DFT.s
   Uses
      At line 41 in file Src\DFT.s
      At line 94 in file Src\DFT.s

Trigo 00000000

Symbol: Trigo
   Definitions
      At line 92 in file Src\DFT.s
   Uses
      None
Comment: Trigo unused
3 symbols



ARM Macro Assembler    Page 1 Alphabetic symbol ordering
External symbols

LeSignal 00000000

Symbol: LeSignal
   Definitions
      At line 9 in file Src\DFT.s
   Uses
      None
Comment: LeSignal unused
1 symbol
351 symbols in table
